[2019-09-15 13:28:08,479] INFO org.github.dragos.vscode.Main$ - Starting server in /Users/eduardolowensohn/ACAMICA/ciudad-zombie
[2019-09-15 13:28:08,479] INFO org.github.dragos.vscode.Main$ - Starting server in /Users/eduardolowensohn/ACAMICA/ciudad-zombie
[2019-09-15 13:28:08,526] INFO org.github.dragos.vscode.Main$ - Classpath: /Users/eduardolowensohn/.vscode/extensions/dragos.scala-lsp-0.2.3/coursier
[2019-09-15 13:28:08,526] INFO org.github.dragos.vscode.Main$ - Classpath: /Users/eduardolowensohn/.vscode/extensions/dragos.scala-lsp-0.2.3/coursier
[2019-09-15 13:28:09,281] DEBUG langserver.core.MessageReader - Received headers:
Content-Length: 1219
[2019-09-15 13:28:09,281] DEBUG langserver.core.MessageReader - Received headers:
Content-Length: 1219
[2019-09-15 13:28:09,344] DEBUG langserver.core.Connection - Received {"jsonrpc":"2.0","id":0,"method":"initialize","params":{"processId":10901,"rootPath":"/Users/eduardolowensohn/ACAMICA/ciudad-zombie","rootUri":"file:///Users/eduardolowensohn/ACAMICA/ciudad-zombie","capabilities":{"workspace":{"applyEdit":true,"didChangeConfiguration":{"dynamicRegistration":false},"didChangeWatchedFiles":{"dynamicRegistration":false},"symbol":{"dynamicRegistration":true},"executeCommand":{"dynamicRegistration":true}},"textDocument":{"synchronization":{"dynamicRegistration":true,"willSave":true,"willSaveWaitUntil":true,"didSave":true},"completion":{"dynamicRegistration":true,"completionItem":{"snippetSupport":true}},"hover":{"dynamicRegistration":true},"signatureHelp":{"dynamicRegistration":true},"references":{"dynamicRegistration":true},"documentHighlight":{"dynamicRegistration":true},"documentSymbol":{"dynamicRegistration":true},"formatting":{"dynamicRegistration":true},"rangeFormatting":{"dynamicRegistration":true},"onTypeFormatting":{"dynamicRegistration":true},"definition":{"dynamicRegistration":true},"codeAction":{"dynamicRegistration":true},"codeLens":{"dynamicRegistration":true},"documentLink":{"dynamicRegistration":true},"rename":{"dynamicRegistration":true}}},"trace":"off"}}
[2019-09-15 13:28:09,344] DEBUG langserver.core.Connection - Received {"jsonrpc":"2.0","id":0,"method":"initialize","params":{"processId":10901,"rootPath":"/Users/eduardolowensohn/ACAMICA/ciudad-zombie","rootUri":"file:///Users/eduardolowensohn/ACAMICA/ciudad-zombie","capabilities":{"workspace":{"applyEdit":true,"didChangeConfiguration":{"dynamicRegistration":false},"didChangeWatchedFiles":{"dynamicRegistration":false},"symbol":{"dynamicRegistration":true},"executeCommand":{"dynamicRegistration":true}},"textDocument":{"synchronization":{"dynamicRegistration":true,"willSave":true,"willSaveWaitUntil":true,"didSave":true},"completion":{"dynamicRegistration":true,"completionItem":{"snippetSupport":true}},"hover":{"dynamicRegistration":true},"signatureHelp":{"dynamicRegistration":true},"references":{"dynamicRegistration":true},"documentHighlight":{"dynamicRegistration":true},"documentSymbol":{"dynamicRegistration":true},"formatting":{"dynamicRegistration":true},"rangeFormatting":{"dynamicRegistration":true},"onTypeFormatting":{"dynamicRegistration":true},"definition":{"dynamicRegistration":true},"codeAction":{"dynamicRegistration":true},"codeLens":{"dynamicRegistration":true},"documentLink":{"dynamicRegistration":true},"rename":{"dynamicRegistration":true}}},"trace":"off"}}
[2019-09-15 13:28:11,307] INFO org.github.dragos.vscode.EnsimeLanguageServer - Initialized with 10901, /Users/eduardolowensohn/ACAMICA/ciudad-zombie, ClientCapabilities()
[2019-09-15 13:28:11,307] INFO org.github.dragos.vscode.EnsimeLanguageServer - Initialized with 10901, /Users/eduardolowensohn/ACAMICA/ciudad-zombie, ClientCapabilities()
[2019-09-15 13:28:11,310] DEBUG org.github.dragos.vscode.EnsimeLanguageServer - ensime.config = "/Users/eduardolowensohn/ACAMICA/ciudad-zombie/.ensime" 
[2019-09-15 13:28:11,310] DEBUG org.github.dragos.vscode.EnsimeLanguageServer - ensime.config = "/Users/eduardolowensohn/ACAMICA/ciudad-zombie/.ensime" 
[2019-09-15 13:28:13,533] INFO akka.event.slf4j.Slf4jLogger - Slf4jLogger started
[2019-09-15 13:28:14,481] ERROR org.github.dragos.vscode.EnsimeLanguageServer - initializeEnsime Error: /Users/eduardolowensohn/ACAMICA/ciudad-zombie/.ensime
[2019-09-15 13:28:14,481] ERROR org.github.dragos.vscode.EnsimeLanguageServer - initializeEnsime Error: /Users/eduardolowensohn/ACAMICA/ciudad-zombie/.ensime
[2019-09-15 13:28:14,767] DEBUG langserver.core.MessageWriter - Content-Length: 146



{"jsonrpc":"2.0","method":"window/showMessage","params":{"tpe":1,"message":"No .ensime file in directory. Run `sbt ensimeConfig` to create one."}}
[2019-09-15 13:28:14,767] DEBUG langserver.core.MessageWriter - Content-Length: 146



{"jsonrpc":"2.0","method":"window/showMessage","params":{"tpe":1,"message":"No .ensime file in directory. Run `sbt ensimeConfig` to create one."}}
[2019-09-15 13:28:14,767] DEBUG langserver.core.MessageWriter - payload: {"jsonrpc":"2.0","method":"window/showMessage","params":{"tpe":1,"message":"No .ensime file in directory. Run `sbt ensimeConfig` to create one."}}
[2019-09-15 13:28:14,767] DEBUG langserver.core.MessageWriter - payload: {"jsonrpc":"2.0","method":"window/showMessage","params":{"tpe":1,"message":"No .ensime file in directory. Run `sbt ensimeConfig` to create one."}}
[2019-09-15 13:28:15,270] DEBUG langserver.core.MessageWriter - Content-Length: 441



{"jsonrpc":"2.0","result":{"capabilities":{"textDocumentSync":1,"hoverProvider":true,"completionProvider":{"resolveProvider":false,"triggerCharacters":["."]},"definitionProvider":true,"referencesProvider":false,"documentHighlightProvider":false,"documentSymbolProvider":true,"workspaceSymbolProvider":false,"codeActionProvider":false,"documentFormattingProvider":false,"documentRangeFormattingProvider":false,"renameProvider":false}},"id":0}
[2019-09-15 13:28:15,270] DEBUG langserver.core.MessageWriter - Content-Length: 441



{"jsonrpc":"2.0","result":{"capabilities":{"textDocumentSync":1,"hoverProvider":true,"completionProvider":{"resolveProvider":false,"triggerCharacters":["."]},"definitionProvider":true,"referencesProvider":false,"documentHighlightProvider":false,"documentSymbolProvider":true,"workspaceSymbolProvider":false,"codeActionProvider":false,"documentFormattingProvider":false,"documentRangeFormattingProvider":false,"renameProvider":false}},"id":0}
[2019-09-15 13:28:15,270] DEBUG langserver.core.MessageWriter - payload: {"jsonrpc":"2.0","result":{"capabilities":{"textDocumentSync":1,"hoverProvider":true,"completionProvider":{"resolveProvider":false,"triggerCharacters":["."]},"definitionProvider":true,"referencesProvider":false,"documentHighlightProvider":false,"documentSymbolProvider":true,"workspaceSymbolProvider":false,"codeActionProvider":false,"documentFormattingProvider":false,"documentRangeFormattingProvider":false,"renameProvider":false}},"id":0}
[2019-09-15 13:28:15,270] DEBUG langserver.core.MessageWriter - payload: {"jsonrpc":"2.0","result":{"capabilities":{"textDocumentSync":1,"hoverProvider":true,"completionProvider":{"resolveProvider":false,"triggerCharacters":["."]},"definitionProvider":true,"referencesProvider":false,"documentHighlightProvider":false,"documentSymbolProvider":true,"workspaceSymbolProvider":false,"codeActionProvider":false,"documentFormattingProvider":false,"documentRangeFormattingProvider":false,"renameProvider":false}},"id":0}
[2019-09-15 13:28:15,272] DEBUG langserver.core.MessageReader - Received headers:
Content-Length: 52
[2019-09-15 13:28:15,272] DEBUG langserver.core.MessageReader - Received headers:
Content-Length: 52
[2019-09-15 13:28:15,274] DEBUG langserver.core.Connection - Received {"jsonrpc":"2.0","method":"initialized","params":{}}
[2019-09-15 13:28:15,274] DEBUG langserver.core.Connection - Received {"jsonrpc":"2.0","method":"initialized","params":{}}
[2019-09-15 13:28:15,307] ERROR org.github.dragos.vscode.EnsimeLanguageServer - Unknown notification Initialized()
[2019-09-15 13:28:15,307] ERROR org.github.dragos.vscode.EnsimeLanguageServer - Unknown notification Initialized()
[2019-09-15 23:00:56,675] DEBUG langserver.core.MessageReader - Received headers:
Content-Length: 58
[2019-09-15 23:00:56,675] DEBUG langserver.core.MessageReader - Received headers:
Content-Length: 58
[2019-09-15 23:00:56,473] INFO langserver.core.MessageReader - End of stream, terminating thread
[2019-09-15 23:00:56,473] INFO langserver.core.MessageReader - End of stream, terminating thread
[2019-09-15 23:00:57,475] INFO org.github.dragos.vscode.EnsimeLanguageServer - Shutdown request
[2019-09-15 23:00:57,475] INFO org.github.dragos.vscode.EnsimeLanguageServer - Shutdown request
[2019-09-15 23:00:57,616] INFO org.github.dragos.vscode.EnsimeLanguageServer - Shutting down actor system.
[2019-09-15 23:00:57,616] INFO org.github.dragos.vscode.EnsimeLanguageServer - Shutting down actor system.
[2019-09-15 23:00:59,080] INFO org.github.dragos.vscode.EnsimeLanguageServer - Actor system down.
[2019-09-15 23:00:59,080] INFO org.github.dragos.vscode.EnsimeLanguageServer - Actor system down.
